<?xml version="1.0" encoding="UTF-8"?>
<!-- Generated by org.testng.reporters.JUnitReportReporter -->
<testsuite hostname="DESKTOP-9RKLVC8" failures="0" tests="1" name="com.guru.test.HomepagePageTest" time="0.038" errors="0" timestamp="2020-07-13T22:37:43 IST" skipped="0">
  <testcase classname="com.guru.test.HomepagePageTest" name="verify_Homepage_Title" time="0.038"/>
  <system-out/>
</testsuite> <!-- com.guru.test.HomepagePageTest -->
