<?xml version="1.0" encoding="UTF-8"?>
<!-- Generated by org.testng.reporters.JUnitReportReporter -->
<testsuite skipped="0" hostname="Adi" name="com.guru.test.MobileListTests" tests="1" failures="0" timestamp="14 Jul 2020 13:21:48 GMT" time="6.581" errors="0">
  <testcase name="verifyMobilePageValue" time="6.581" classname="com.guru.test.MobileListTests"/>
</testsuite> <!-- com.guru.test.MobileListTests -->
