<?xml version="1.0" encoding="UTF-8"?>
<!-- Generated by org.testng.reporters.JUnitReportReporter -->
<testsuite hostname="DESKTOP-HT38EU9" name="com.guru.test.MobileListTests" tests="1" failures="0" timestamp="17 Jul 2020 14:41:18 GMT" time="7.724" errors="0">
  <testcase name="verifyMobilePageValue" time="7.724" classname="com.guru.test.MobileListTests"/>
</testsuite> <!-- com.guru.test.MobileListTests -->
