<?xml version="1.0" encoding="UTF-8"?>
<!-- Generated by org.testng.reporters.JUnitReportReporter -->
<testsuite skipped="0" hostname="LAPTOP-ROSTLMCB" name="com.guru.test.CartTest" tests="1" failures="0" timestamp="2020-07-14T13:01:32 IST" time="20.379" errors="0">
  <testcase name="verify_cart_functionality" time="20.379" classname="com.guru.test.CartTest"/>
  <system-out/>
</testsuite> <!-- com.guru.test.CartTest -->
