<?xml version="1.0" encoding="UTF-8"?>
<!-- Generated by org.testng.reporters.JUnitReportReporter -->
<testsuite hostname="DESKTOP-9RKLVC8" failures="0" tests="1" name="com.guru.test.PdfPageTest" time="36.591" errors="0" timestamp="2020-07-14T18:56:07 IST" skipped="0">
  <testcase classname="com.guru.test.PdfPageTest" name="verifyToCreateAccount" time="36.591"/>
  <system-out/>
</testsuite> <!-- com.guru.test.PdfPageTest -->
