<?xml version="1.0" encoding="UTF-8"?>
<!-- Generated by org.testng.reporters.JUnitReportReporter -->
<<<<<<< HEAD
<testsuite hostname="DESKTOP-9RKLVC8" failures="0" tests="1" name="com.guru.test.PdfPageTest" time="36.591" errors="0" timestamp="2020-07-14T18:56:07 IST" skipped="0">
  <testcase classname="com.guru.test.PdfPageTest" name="verifyToCreateAccount" time="36.591"/>
=======
<testsuite skipped="0" hostname="DESKTOP-Q8RNTEC" name="com.guru.test.PdfPageTest" tests="1" failures="0" timestamp="2020-07-14T15:15:44 IST" time="14.863" errors="0">
  <testcase name="verifyToCreateAccount" time="14.863" classname="com.guru.test.PdfPageTest"/>
>>>>>>> 125454146d6e1185f7d6ee8bb377d0351dd2e7ed
  <system-out/>
</testsuite> <!-- com.guru.test.PdfPageTest -->
