<?xml version="1.0" encoding="UTF-8"?>
<!-- Generated by org.testng.reporters.JUnitReportReporter -->
<testsuite hostname="DESKTOP-9RKLVC8" failures="0" tests="1" name="com.guru.test.WishlistPageTest" time="30.820" errors="0" timestamp="2020-07-14T18:27:16 IST" skipped="0">
  <testcase classname="com.guru.test.WishlistPageTest" name="verifyToCreateAccount" time="30.820"/>
  <system-out/>
</testsuite> <!-- com.guru.test.WishlistPageTest -->
