<?xml version="1.0" encoding="UTF-8"?>
<!-- Generated by org.testng.reporters.JUnitReportReporter -->
<testsuite hostname="DESKTOP-HT38EU9" name="com.guru.test.HomepagePageTest" tests="1" failures="0" timestamp="17 Jul 2020 14:41:18 GMT" time="0.013" errors="0">
  <testcase name="verify_Homepage_Title" time="0.013" classname="com.guru.test.HomepagePageTest"/>
</testsuite> <!-- com.guru.test.HomepagePageTest -->
