<?xml version="1.0" encoding="UTF-8"?>
<!-- Generated by org.testng.reporters.JUnitReportReporter -->
<testsuite hostname="DESKTOP-HT38EU9" name="com.guru.test.PdfPageTest" tests="1" failures="0" timestamp="17 Jul 2020 14:41:18 GMT" time="29.323" errors="0">
  <testcase name="verifyToSaveOrderAsPDF" time="29.323" classname="com.guru.test.PdfPageTest"/>
</testsuite> <!-- com.guru.test.PdfPageTest -->
