<?xml version="1.0" encoding="UTF-8"?>
<!-- Generated by org.testng.reporters.JUnitReportReporter -->
<testsuite skipped="0" hostname="DESKTOP-Q8RNTEC" name="com.guru.test.PdfPageTest" tests="1" failures="0" timestamp="2020-07-14T15:15:44 IST" time="14.863" errors="0">
  <testcase name="verifyToCreateAccount" time="14.863" classname="com.guru.test.PdfPageTest"/>
  <system-out/>
</testsuite> <!-- com.guru.test.PdfPageTest -->
